4.8G	./ampt/generate/5000_5K_b0-2/tar_ampt_5000_5K_b0-2.tgz
4.8G	./ampt/generate/5000_5K_b0-2
6.7G	./ampt/generate/27_1M_b0-14/tar_ampt_27_1M_b0-14.tgz
6.7G	./ampt/generate/27_1M_b0-14
6.8G	./ampt/generate/8_1M_b0-14/tar_ampt_8_1M_b0-14.tgz
6.8G	./ampt/generate/8_1M_b0-14
8.0G	./ampt/generate/200melt3mb_10K_b6-7/jobs
3.1G	./ampt/generate/200melt3mb_10K_b6-7/ampt_200_10000_b6p5-7p5_400s_melt.dat
12G	./ampt/generate/200melt3mb_10K_b6-7
8.1G	./ampt/generate/saveampt/ampt_3_minbias.dat.gz
7.3G	./ampt/generate/saveampt/ampt_3melt_minbias.dat.gz
19G	./ampt/generate/saveampt
6.7G	./ampt/generate/3_1M_b9-11/tar_ampt_3_1M_b9-11.tgz
6.7G	./ampt/generate/3_1M_b9-11
5.5G	./ampt/generate/3melt_1M_b9-11/tar_ampt_3melt_1M_b9-11.tgz
5.5G	./ampt/generate/3melt_1M_b9-11
3.1G	./ampt/generate/200_10K_b6-7/ampt_200_10000_b6p5-7p5_400s.dat
3.1G	./ampt/generate/200_10K_b6-7
8.3G	./ampt/generate/200_150K_b0-14/tar_ampt_200_150K_b0-14.tgz
8.3G	./ampt/generate/200_150K_b0-14
1.1G	./ampt/generate/19_1M_b0-14/template/ampt_19_10000_b6p5-7p5_400s.dat
1.1G	./ampt/generate/19_1M_b0-14/template
20G	./ampt/generate/19_1M_b0-14/tar_ampt_19_1M_b0-14.tgz
21G	./ampt/generate/19_1M_b0-14
7.3G	./ampt/generate/3melt3mb_10K_b6-7/ampt_3melt_minbias.dat.gz
7.6G	./ampt/generate/3melt3mb_10K_b6-7
8.1G	./ampt/generate/3_1M_b0-14/ampt_3_minbias.dat.gz
8.1G	./ampt/generate/3_1M_b0-14/tar_ampt_3_1M_b0-14.tgz
17G	./ampt/generate/3_1M_b0-14
2.7G	./ampt/generate/8melt3mb_10K_b6-7/jobs
3.4G	./ampt/generate/8melt3mb_10K_b6-7
121G	./ampt/generate
3.3G	./smash/generate/3_100K_b0-14_hard2/jobs2
12G	./smash/generate/3_100K_b0-14_hard2/jobs
15G	./smash/generate/3_100K_b0-14_hard2
4.3G	./smash/generate/3_100K_b5-9_hard2/jobs
6.2G	./smash/generate/3_100K_b5-9_hard2/jobs_nuccoll_true
11G	./smash/generate/3_100K_b5-9_hard2
9.9G	./smash/generate/3_100K_b0-14_nopot/jobs
13G	./smash/generate/3_100K_b0-14_nopot/jobs_nuccoll_true
23G	./smash/generate/3_100K_b0-14_nopot
6.4G	./smash/generate/3_100K_b5-9_VDF7/jobs
6.4G	./smash/generate/3_100K_b5-9_VDF7
8.2G	./smash/generate/3_100K_b5-9_VDF0/jobs
8.2G	./smash/generate/3_100K_b5-9_VDF0
9.0G	./smash/generate/3_100K_b5-9_hard3/jobs
9.0G	./smash/generate/3_100K_b5-9_hard3
4.1G	./smash/generate/3_100K_b5-9_VDF4/jobs
4.1G	./smash/generate/3_100K_b5-9_VDF4
1.5G	./smash/generate/3_100K_b0-14_VDF7/jobs2
3.6G	./smash/generate/3_100K_b0-14_VDF7/jobs
61G	./smash/generate/3_100K_b0-14_VDF7/jobs3/junk
63G	./smash/generate/3_100K_b0-14_VDF7/jobs3
68G	./smash/generate/3_100K_b0-14_VDF7
13G	./smash/generate/3_100K_b5-9_VDF7Pauli/jobs
13G	./smash/generate/3_100K_b5-9_VDF7Pauli
5.9G	./smash/generate/3_100K_b5-9_hard2SymPauli/jobs
5.9G	./smash/generate/3_100K_b5-9_hard2SymPauli
162G	./smash/generate
2.7G	./urqmd/generate/3_100K_b0-14_nopot/tar_3_100K_b0-14_nopot.tgz
2.1G	./urqmd/generate/3_100K_b0-14_nopot/tar_urqmd_3_100K_b0-14_nopot.tgz
4.8G	./urqmd/generate/3_100K_b0-14_nopot
256K	./urqmd/generate/urqmd-3.4_tmp/GNUmakefile
256K	./urqmd/generate/urqmd-3.4_tmp/mk/CYGWIN_NT-6.0.mk
256K	./urqmd/generate/urqmd-3.4/GNUmakefile
256K	./urqmd/generate/urqmd-3.4/mk/CYGWIN_NT-6.0.mk
8.2G	./urqmd/generate/3_100K_b6-7_nopot/jobs
2.9G	./urqmd/generate/3_100K_b6-7_nopot/tar_3_100K_b6-7_nopot.tgz
12G	./urqmd/generate/3_100K_b6-7_nopot
2.0G	./urqmd/generate/3_100K_b6-7_hard/jobs/tar_3_100K_b6-7_hard_all.tgz
2.0G	./urqmd/generate/3_100K_b6-7_hard/jobs
2.0G	./urqmd/generate/3_100K_b6-7_hard
6.0G	./urqmd/generate/3_100K_b6-7_hydro/jobs
7.8G	./urqmd/generate/3_100K_b6-7_hydro
2.0G	./urqmd/generate/3_100K_b0-14_hard/jobs/tar_3_100K_b0-14_hard_all.tgz
2.0G	./urqmd/generate/3_100K_b0-14_hard/jobs
2.0G	./urqmd/generate/3_100K_b0-14_hard
1.8G	./urqmd/generate/3_100K_b6-7_hard_hydro
2.2G	./urqmd/generate/3_100K_b5-9_hard2/jobs/tar_3_100K_b5-9_hard2_all.tgz
2.2G	./urqmd/generate/3_100K_b5-9_hard2/jobs
2.2G	./urqmd/generate/3_100K_b5-9_hard2
20G	./urqmd/generate/3_1M_b0-14_hard2/tar_urqmd_3_1M_b0-14_hard2.tgz
20G	./urqmd/generate/3_1M_b0-14_hard2
256K	./urqmd/generate/urqmd-3.4_eos2/GNUmakefile
256K	./urqmd/generate/urqmd-3.4_eos2/mk/CYGWIN_NT-6.0.mk
256K	./urqmd/generate/tmp/GNUmakefile
256K	./urqmd/generate/tmp/mk/CYGWIN_NT-6.0.mk
8.0G	./urqmd/generate/3_100K_b5-9_nopot/jobs
2.9G	./urqmd/generate/3_100K_b5-9_nopot/tar_3_100K_b5-9_nopot.tgz
11G	./urqmd/generate/3_100K_b5-9_nopot
2.0G	./urqmd/generate/3_100K_b0-14_hard2/jobs/tar_3_100K_b0-14_hard2_all.tgz
2.0G	./urqmd/generate/3_100K_b0-14_hard2/jobs
2.0G	./urqmd/generate/3_100K_b0-14_hard2
2.9G	./urqmd/generate/tar_3_100K_b6-9_nopot.tgz
2.3G	./urqmd/generate/save_3_100K_b6-9_nopot.tgz
1.8G	./urqmd/generate/9_10K_b6-7_hard2/jobs
1.8G	./urqmd/generate/9_10K_b6-7_hard2
1.4G	./urqmd/generate/1_10K_b6-7_hard2
2.2G	./urqmd/generate/3_100K_b5-9_hard/jobs/tar_3_100K_b5-9_hard_all.tgz
2.2G	./urqmd/generate/3_100K_b5-9_hard/jobs
2.2G	./urqmd/generate/3_100K_b5-9_hard
1.3G	./urqmd/generate/3_10K_b6-7_hard2/jobs/junk
2.1G	./urqmd/generate/3_10K_b6-7_hard2/jobs
2.1G	./urqmd/generate/3_10K_b6-7_hard2
3.2G	./urqmd/generate/9_100K_b0-14_hard2/tar_urqmd_9_100K_b0-14_hard2.tgz
3.2G	./urqmd/generate/9_100K_b0-14_hard2
16G	./urqmd/generate/9_1M_b0-14_hard2/tar_urqmd_9_1M_b0-14_hard2.tgz
16G	./urqmd/generate/9_1M_b0-14_hard2
19G	./urqmd/generate/1_1M_b0-14_hard2/tar_urqmd_1_1M_b0-14_hard2.tgz
19G	./urqmd/generate/1_1M_b0-14_hard2
20G	./urqmd/generate/3_1M_b0-14_hard/tar_urqmd_3_1M_b0-14_hard.tgz
20G	./urqmd/generate/3_1M_b0-14_hard
18G	./urqmd/generate/19_1M_b0-14_hard2/jobs
18G	./urqmd/generate/19_1M_b0-14_hard2
153G	./urqmd/generate
1.0K	./jam1/generate/template/coalesc/inc/PDGData.h
621G	./jam1/generate
