256	./Jam1_3GeV_b0-14_cascade/run/_build/convert.o
5888	./Jam1_3GeV_b0-14_cascade/run/_build/convert
1	./Jam1_3GeV_b0-14_cascade/run/_build/convert.sh
256	./Jam1_3GeV_b0-14_cascade/run/convert.cc
256	./Jam1_3GeV_b0-14_cascade/run/convert.cc~
256	./template/run/convert.cc
256	./Jam1_3GeV_b0-14_RQMDS/run/convert.cc
256	./Jam1_3GeV_b0-14_RQMDS/run/_build/convert.o
5888	./Jam1_3GeV_b0-14_RQMDS/run/_build/convert
1	./Jam1_3GeV_b0-14_RQMDS/run/_build/convert.sh
256	./Jam1_3GeV_b9-14_RQMDS/run/convert.cc~
256	./Jam1_3GeV_b9-14_RQMDS/run/_build/convert.o
5888	./Jam1_3GeV_b9-14_RQMDS/run/_build/convert
1	./Jam1_3GeV_b9-14_RQMDS/run/_build/convert.sh
256	./Jam1_3GeV_b9-14_RQMDS/run/convert.cc
256	./Jam1_3GeV_b0-14_RQMDSdeuteron/run/convert.cc
256	./Jam1_3GeV_b0-14_RQMDSdeuteron/run/_build/convert.o
5888	./Jam1_3GeV_b0-14_RQMDSdeuteron/run/_build/convert
1	./Jam1_3GeV_b0-14_RQMDSdeuteron/run/_build/convert.sh
256	./Jam1_3GeV_b0-14_RQMDSdeuteron/run/convert.cc~
256	./Jam1_4p5GeV_b0-14_RQMDS/run/convert.cc
256	./Jam1_4p5GeV_b0-14_RQMDS/run/_build/convert.o
5888	./Jam1_4p5GeV_b0-14_RQMDS/run/_build/convert
1	./Jam1_4p5GeV_b0-14_RQMDS/run/_build/convert.sh
256	./Jam1_4p5GeV_b0-14_RQMDS/run/convert.cc~
256	./Jam1_7p7GeV_b0-14_RQMDS/run/convert.cc
256	./Jam1_7p7GeV_b0-14_RQMDS/run/convert.cc~
256	./Jam1_7p7GeV_b0-14_RQMDS/run/_build/convert.o
5888	./Jam1_7p7GeV_b0-14_RQMDS/run/_build/convert
1	./Jam1_7p7GeV_b0-14_RQMDS/run/_build/convert.sh
256	./Jam1_3GeV_b8-9_RQMDS/run/_build/convert.o
5888	./Jam1_3GeV_b8-9_RQMDS/run/_build/convert
1	./Jam1_3GeV_b8-9_RQMDS/run/_build/convert.sh
256	./Jam1_3GeV_b8-9_RQMDS/run/convert.cc
256	./Jam1_3GeV_b8-9_RQMDS/run/convert.cc.sav
256	./Jam1_3GeV_b8-9_RQMDS/run/convert.cc~
256	./Jam1_3GeV_b0-14_QMD5/run/convert.cc
256	./Jam1_3GeV_b0-14_QMD5/run/_build/convert.o
5888	./Jam1_3GeV_b0-14_QMD5/run/_build/convert
1	./Jam1_3GeV_b0-14_QMD5/run/_build/convert.sh
256	./Jam1_3GeV_b0-14_QMD5/run/convert.cc~
256	./Jam1_3GeV_b0-14_QMD4/run/convert.cc
256	./Jam1_3GeV_b0-14_QMD4/run/convert.cc~
256	./Jam1_3GeV_b0-14_QMD4/run/_build/convert.o
5888	./Jam1_3GeV_b0-14_QMD4/run/_build/convert
1	./Jam1_3GeV_b0-14_QMD4/run/_build/convert.sh
256	./Jam1_3GeV_b0-14_RQMDRMF/run/convert.cc
256	./Jam1_3GeV_b0-14_RQMDRMF/run/_build/convert.o
5888	./Jam1_3GeV_b0-14_RQMDRMF/run/_build/convert
1	./Jam1_3GeV_b0-14_RQMDRMF/run/_build/convert.sh
256	./Jam1_3GeV_b0-14_RQMDRMF/run/convert.cc~
